<?xml version="1.0" encoding="UTF-8"?>
<!-- Generated by org.testng.reporters.JUnitReportReporter -->
<testsuite hostname="DESKTOP-PMLUBDA" failures="0" tests="3" name="TestPackage1.TestCase1" time="79.635" errors="0" timestamp="2023-04-15T18:28:57 IST" skipped="1">
  <testcase classname="TestPackage1.TestCase1" name="SampleMethodforEmailEntering" time="28.901">
    <skipped/>
  </testcase> <!-- SampleMethodforEmailEntering -->
  <system-out/>
  <testcase classname="TestPackage1.TestCase1" name="SampleMethodforEmailEntering" time="31.609"/>
  <system-out/>
  <testcase classname="TestPackage1.TestCase1" name="clickContniueButtoon" time="19.125"/>
  <system-out/>
</testsuite> <!-- TestPackage1.TestCase1 -->
