<?xml version="1.0" encoding="UTF-8"?>
<!-- Generated by org.testng.reporters.JUnitReportReporter -->
<testsuite hostname="DESKTOP-PMLUBDA" failures="0" tests="2" name="TestPackage1.TestCase2" time="34.571" errors="0" timestamp="2023-04-15T18:28:57 IST" skipped="0">
  <testcase classname="TestPackage1.TestCase2" name="clickCreateAccount" time="16.852"/>
  <system-out/>
  <testcase classname="TestPackage1.TestCase2" name="createnewaccount" time="17.719"/>
  <system-out/>
</testsuite> <!-- TestPackage1.TestCase2 -->
